<?xml version="1.0" encoding="UTF-8"?>
<!-- Generated by org.testng.reporters.JUnitXMLReporter -->
<testsuite hostname="DESKTOP-5U9MU56" name="Default test" tests="3" failures="0" timestamp="18 Jun 2019 10:02:20 GMT" time="170.598" errors="0">
  <testcase name="bookticketevents" time="59.315" classname="wanasa.HomePageTest"/>
  <testcase name="login" time="22.986" classname="wanasa.HomePageTest"/>
  <testcase name="useroperations" time="57.448" classname="wanasa.HomePageTest"/>
</testsuite> <!-- Default test -->
