<?xml version="1.0" encoding="UTF-8"?>
<!-- Generated by org.testng.reporters.JUnitXMLReporter -->
<testsuite hostname="Admin" name="Default test" tests="4" failures="0" timestamp="22 Jul 2019 05:58:55 GMT" time="130.97" errors="0">
  <testcase name="verifysignup" time="12.189" classname="wanasa.HomePageTest"/>
  <testcase name="verifylogin" time="8.358" classname="wanasa.HomePageTest"/>
  <testcase name="verifyeventbookvisa" time="42.821" classname="wanasa.HomePageTest"/>
  <testcase name="verifyeventticketBookingWithDebitCard" time="44.324" classname="wanasa.HomePageTest"/>
</testsuite> <!-- Default test -->
