<?xml version="1.0" encoding="UTF-8"?>
<!-- Generated by org.testng.reporters.JUnitXMLReporter -->
<testsuite hostname="Admin" name="Default test" tests="9" failures="0" timestamp="4 Jul 2019 13:15:11 GMT" time="556.131" errors="0">
  <testcase name="verifysignup" time="22.404" classname="wanasa.HomePageTest"/>
  <testcase name="verifyforgotpassword" time="8.094" classname="wanasa.HomePageTest"/>
  <testcase name="verifylogin" time="42.783" classname="wanasa.HomePageTest"/>
  <testcase name="verifybookticketevents" time="54.24" classname="wanasa.HomePageTest"/>
  <testcase name="verifyeventticketBookingWithDebitCard" time="90.489" classname="wanasa.HomePageTest"/>
  <testcase name="verifymovieticketbooking" time="122.931" classname="wanasa.HomePageTest"/>
  <testcase name="googLogin" time="41.962" classname="wanasa.HomePageTest"/>
  <testcase name="verifyfooterlinks" time="48.141" classname="wanasa.HomePageTest"/>
  <testcase name="verifyquickbooking" time="99.745" classname="wanasa.HomePageTest"/>
</testsuite> <!-- Default test -->
