<?xml version="1.0" encoding="UTF-8"?>
<!-- Generated by org.testng.reporters.JUnitXMLReporter -->
<testsuite hostname="DESKTOP-5U9MU56" name="Default test" tests="4" failures="0" timestamp="20 Jun 2019 11:31:41 GMT" time="164.234" errors="0">
  <testcase name="verifylogin" time="36.119" classname="wanasa.HomePageTest"/>
  <testcase name="verifybookticketevents" time="47.488" classname="wanasa.HomePageTest"/>
  <testcase name="verifybookticketseventsevoucher" time="49.083" classname="wanasa.HomePageTest"/>
  <testcase name="verifyforgotpassword" time="8.164" classname="wanasa.HomePageTest"/>
</testsuite> <!-- Default test -->
