<?xml version="1.0" encoding="UTF-8"?>
<!-- Generated by org.testng.reporters.JUnitXMLReporter -->
<testsuite hostname="DESKTOP-STVSUFI" ignored="16" name="Default test" tests="1" failures="0" timestamp="09 Sep 2019 09:28:36 GMT" time="33.304" errors="0">
  <testcase name="evouchersFileter" time="17.177" classname="wanasa.HomePageTest"/>
  <testcase name="eventTypeFilter" time="0.0" classname="wanasa.HomePageTest">
    <ignored/>
  </testcase> <!-- eventTypeFilter -->
  <testcase name="eventCatFilter" time="0.0" classname="wanasa.HomePageTest">
    <ignored/>
  </testcase> <!-- eventCatFilter -->
  <testcase name="cancelBtnInCBQPayment" time="0.0" classname="wanasa.HomePageTest">
    <ignored/>
  </testcase> <!-- cancelBtnInCBQPayment -->
  <testcase name="withOutSelectingSeatInSeatLayoutForNaal" time="0.0" classname="wanasa.HomePageTest">
    <ignored/>
  </testcase> <!-- withOutSelectingSeatInSeatLayoutForNaal -->
  <testcase name="filterMoviesGenre" time="0.0" classname="wanasa.HomePageTest">
    <ignored/>
  </testcase> <!-- filterMoviesGenre -->
  <testcase name="withOutSelectingSeat" time="0.0" classname="wanasa.HomePageTest">
    <ignored/>
  </testcase> <!-- withOutSelectingSeat -->
  <testcase name="movieTimeingsFilter" time="0.0" classname="wanasa.HomePageTest">
    <ignored/>
  </testcase> <!-- movieTimeingsFilter -->
  <testcase name="cancelBtnSingleDayEvent" time="0.0" classname="wanasa.HomePageTest">
    <ignored/>
  </testcase> <!-- cancelBtnSingleDayEvent -->
  <testcase name="verifyfacebookiconclick" time="0.0" classname="wanasa.HomePageTest">
    <ignored/>
  </testcase> <!-- verifyfacebookiconclick -->
  <testcase name="backBtnSingleDayEvent" time="0.0" classname="wanasa.HomePageTest">
    <ignored/>
  </testcase> <!-- backBtnSingleDayEvent -->
  <testcase name="backBtnInSeatLayoutNaal" time="0.0" classname="wanasa.HomePageTest">
    <ignored/>
  </testcase> <!-- backBtnInSeatLayoutNaal -->
  <testcase name="moviesAllFilters" time="0.0" classname="wanasa.HomePageTest">
    <ignored/>
  </testcase> <!-- moviesAllFilters -->
  <testcase name="cancelBtnCreditCard" time="0.0" classname="wanasa.HomePageTest">
    <ignored/>
  </testcase> <!-- cancelBtnCreditCard -->
  <testcase name="verifySMiconclick" time="0.0" classname="wanasa.HomePageTest">
    <ignored/>
  </testcase> <!-- verifySMiconclick -->
  <testcase name="filterMoviesLang" time="0.0" classname="wanasa.HomePageTest">
    <ignored/>
  </testcase> <!-- filterMoviesLang -->
  <testcase name="filterMoviesLocations" time="0.0" classname="wanasa.HomePageTest">
    <ignored/>
  </testcase> <!-- filterMoviesLocations -->
</testsuite> <!-- Default test -->
