<?xml version="1.0" encoding="UTF-8"?>
<!-- Generated by org.testng.reporters.JUnitXMLReporter -->
<testsuite hostname="DESKTOP-STVSUFI" ignored="0" name="Default test" tests="3" failures="0" timestamp="09 Jul 2019 09:20:14 GMT" time="73.56" errors="0">
  <testcase name="userSignUp" time="14.553" classname="wanasa.Emcsuite"/>
  <testcase name="forgotPswd" time="8.53" classname="wanasa.Emcsuite"/>
  <testcase name="verifylogin" time="30.933" classname="wanasa.Emcsuite"/>
</testsuite> <!-- Default test -->
