<?xml version="1.0" encoding="UTF-8"?>
<!-- Generated by org.testng.reporters.JUnitXMLReporter -->
<testsuite hostname="DESKTOP-5U9MU56" name="Default test" tests="4" failures="0" timestamp="20 Jun 2019 11:39:33 GMT" time="163.14" errors="0">
  <testcase name="verifylogin" time="35.696" classname="wanasa.HomePageTest"/>
  <testcase name="verifybookticketevents" time="45.418" classname="wanasa.HomePageTest"/>
  <testcase name="verifybookticketseventsevoucher" time="50.45" classname="wanasa.HomePageTest"/>
  <testcase name="verifyforgotpassword" time="8.235" classname="wanasa.HomePageTest"/>
</testsuite> <!-- Default test -->
