<?xml version="1.0" encoding="UTF-8"?>
<!-- Generated by org.testng.reporters.JUnitXMLReporter -->
<testsuite hostname="DESKTOP-STVSUFI" ignored="16" name="Default test" tests="1" failures="0" timestamp="27 Aug 2019 06:31:02 GMT" time="38.175" errors="0">
  <testcase name="eventCatFilter" time="21.003" classname="wanasa.HomePageTest"/>
  <testcase name="eventTypeFilter" time="0.0" classname="wanasa.HomePageTest">
    <ignored/>
  </testcase> <!-- eventTypeFilter -->
  <testcase name="cancelBtnInCBQPayment" time="0.0" classname="wanasa.HomePageTest">
    <ignored/>
  </testcase> <!-- cancelBtnInCBQPayment -->
  <testcase name="withOutSelectingSeatInSeatLayoutForNaal" time="0.0" classname="wanasa.HomePageTest">
    <ignored/>
  </testcase> <!-- withOutSelectingSeatInSeatLayoutForNaal -->
  <testcase name="filterMoviesGenre" time="0.0" classname="wanasa.HomePageTest">
    <ignored/>
  </testcase> <!-- filterMoviesGenre -->
  <testcase name="withOutSelectingSeat" time="0.0" classname="wanasa.HomePageTest">
    <ignored/>
  </testcase> <!-- withOutSelectingSeat -->
  <testcase name="movieTimeingsFilter" time="0.0" classname="wanasa.HomePageTest">
    <ignored/>
  </testcase> <!-- movieTimeingsFilter -->
  <testcase name="cancelBtnSingleDayEvent" time="0.0" classname="wanasa.HomePageTest">
    <ignored/>
  </testcase> <!-- cancelBtnSingleDayEvent -->
  <testcase name="verifyfacebookiconclick" time="0.0" classname="wanasa.HomePageTest">
    <ignored/>
  </testcase> <!-- verifyfacebookiconclick -->
  <testcase name="backBtnSingleDayEvent" time="0.0" classname="wanasa.HomePageTest">
    <ignored/>
  </testcase> <!-- backBtnSingleDayEvent -->
  <testcase name="backBtnInSeatLayoutNaal" time="0.0" classname="wanasa.HomePageTest">
    <ignored/>
  </testcase> <!-- backBtnInSeatLayoutNaal -->
  <testcase name="moviesAllFilters" time="0.0" classname="wanasa.HomePageTest">
    <ignored/>
  </testcase> <!-- moviesAllFilters -->
  <testcase name="verifymovieticketbooking" time="0.0" classname="wanasa.HomePageTest">
    <ignored/>
  </testcase> <!-- verifymovieticketbooking -->
  <testcase name="cancelBtnCreditCard" time="0.0" classname="wanasa.HomePageTest">
    <ignored/>
  </testcase> <!-- cancelBtnCreditCard -->
  <testcase name="filterMoviesLang" time="0.0" classname="wanasa.HomePageTest">
    <ignored/>
  </testcase> <!-- filterMoviesLang -->
  <testcase name="filterMoviesLocations" time="0.0" classname="wanasa.HomePageTest">
    <ignored/>
  </testcase> <!-- filterMoviesLocations -->
  <testcase name="verifygoogLogin" time="0.0" classname="wanasa.HomePageTest">
    <ignored/>
  </testcase> <!-- verifygoogLogin -->
</testsuite> <!-- Default test -->
