<?xml version="1.0" encoding="UTF-8"?>
<!-- Generated by org.testng.reporters.JUnitXMLReporter -->
<testsuite hostname="DESKTOP-STVSUFI" ignored="5" name="Default test" tests="1" failures="0" timestamp="29 Jul 2019 09:26:42 GMT" time="26.86" errors="0">
  <testcase name="approveEvent" time="12.504" classname="wanasa.Emcsuite"/>
  <testcase name="verifyLagout" time="0.0" classname="wanasa.Emcsuite">
    <ignored/>
  </testcase> <!-- verifyLagout -->
  <testcase name="verifyevent1" time="0.0" classname="wanasa.Emcsuite">
    <ignored/>
  </testcase> <!-- verifyevent1 -->
  <testcase name="verifylogin" time="0.0" classname="wanasa.Emcsuite">
    <ignored/>
  </testcase> <!-- verifylogin -->
  <testcase name="verifysingledayEvent" time="0.0" classname="wanasa.Emcsuite">
    <ignored/>
  </testcase> <!-- verifysingledayEvent -->
  <testcase name="forgotPswd" time="0.0" classname="wanasa.Emcsuite">
    <ignored/>
  </testcase> <!-- forgotPswd -->
</testsuite> <!-- Default test -->
