<?xml version="1.0" encoding="UTF-8"?>
<!-- Generated by org.testng.reporters.JUnitXMLReporter -->
<testsuite hostname="Admin" name="Default test" tests="19" failures="0" timestamp="26 Jul 2019 06:21:54 GMT" time="549.038" errors="0">
  <testcase name="verifysignup" time="12.149" classname="wanasa.HomePageTest"/>
  <testcase name="verifyforgotpassword" time="2.801" classname="wanasa.HomePageTest"/>
  <testcase name="verifylogin" time="14.193" classname="wanasa.HomePageTest"/>
  <testcase name="verifyeventbookvisa" time="44.366" classname="wanasa.HomePageTest"/>
  <testcase name="verifyeventbookmaster" time="47.56" classname="wanasa.HomePageTest"/>
  <testcase name="verifybookticketevents" time="30.832" classname="wanasa.HomePageTest"/>
  <testcase name="verifyeventticketBookingWithDebitCard" time="37.525" classname="wanasa.HomePageTest"/>
  <testcase name="verifygoogLogin" time="47.061" classname="wanasa.HomePageTest"/>
  <testcase name="verifyfooterlinks" time="35.078" classname="wanasa.HomePageTest"/>
  <testcase name="verifycontactus" time="16.504" classname="wanasa.HomePageTest"/>
  <testcase name="verifySMiconclick" time="30.239" classname="wanasa.HomePageTest"/>
  <testcase name="verifyplaystoreclick" time="8.864" classname="wanasa.HomePageTest"/>
  <testcase name="verifyappstoreclick" time="9.743" classname="wanasa.HomePageTest"/>
  <testcase name="backBtnSingleDayEvent" time="28.199" classname="wanasa.HomePageTest"/>
  <testcase name="cancelBtnSingleDayEvent" time="20.445" classname="wanasa.HomePageTest"/>
  <testcase name="cancelBtnCreditCard" time="44.064" classname="wanasa.HomePageTest"/>
  <testcase name="backBtnInSeatLayoutNaal" time="21.775" classname="wanasa.HomePageTest"/>
  <testcase name="cancelBtnInCBQPayment" time="38.921" classname="wanasa.HomePageTest"/>
  <testcase name="withOutSelectingSeat" time="36.87" classname="wanasa.HomePageTest"/>
</testsuite> <!-- Default test -->
