<?xml version="1.0" encoding="UTF-8"?>
<testng-results skipped="0" failed="0" ignored="16" total="17" passed="1">
  <reporter-output>
  </reporter-output>
  <suite name="Default suite" duration-ms="38175" started-at="2019-08-27T06:30:24Z" finished-at="2019-08-27T06:31:02Z">
    <groups>
    </groups>
    <test name="Default test" duration-ms="38175" started-at="2019-08-27T06:30:24Z" finished-at="2019-08-27T06:31:02Z">
      <class name="wanasa.HomePageTest">
        <test-method status="PASS" signature="setup(java.lang.String)[pri:0, instance:wanasa.HomePageTest@74f0ea28]" name="setup" is-config="true" duration-ms="15984" started-at="2019-08-27T06:30:24Z" finished-at="2019-08-27T06:30:40Z">
          <params>
            <param index="0">
              <value>
                <![CDATA[IamOptional]]>
              </value>
            </param>
          </params>
          <reporter-output>
          </reporter-output>
        </test-method> <!-- setup -->
        <test-method status="PASS" signature="eventCatFilter()[pri:39, instance:wanasa.HomePageTest@74f0ea28]" name="eventCatFilter" duration-ms="21003" started-at="2019-08-27T06:30:40Z" finished-at="2019-08-27T06:31:01Z">
          <reporter-output>
          </reporter-output>
        </test-method> <!-- eventCatFilter -->
        <test-method status="PASS" signature="tearDown(org.testng.ITestResult)[pri:0, instance:wanasa.HomePageTest@74f0ea28]" name="tearDown" is-config="true" duration-ms="429" started-at="2019-08-27T06:31:01Z" finished-at="2019-08-27T06:31:01Z">
          <params>
            <param index="0">
              <value>
                <![CDATA[[TestResult name=eventCatFilter status=SUCCESS method=HomePageTest.eventCatFilter()[pri:39, instance:wanasa.HomePageTest@74f0ea28] output={null}]]]>
              </value>
            </param>
          </params>
          <reporter-output>
          </reporter-output>
        </test-method> <!-- tearDown -->
        <test-method status="PASS" signature="closeBrowser1(java.lang.String)[pri:0, instance:wanasa.HomePageTest@74f0ea28]" name="closeBrowser1" is-config="true" duration-ms="725" started-at="2019-08-27T06:31:01Z" finished-at="2019-08-27T06:31:02Z">
          <params>
            <param index="0">
              <value>
                <![CDATA[IamOptional]]>
              </value>
            </param>
          </params>
          <reporter-output>
          </reporter-output>
        </test-method> <!-- closeBrowser1 -->
      </class> <!-- wanasa.HomePageTest -->
    </test> <!-- Default test -->
  </suite> <!-- Default suite -->
</testng-results>
