<?xml version="1.0" encoding="UTF-8"?>
<testng-results skipped="0" failed="0" total="2" passed="2">
  <reporter-output>
  </reporter-output>
  <suite name="Default suite" duration-ms="84206" started-at="2019-06-19T11:55:17Z" finished-at="2019-06-19T11:56:42Z">
    <groups>
    </groups>
    <test name="Default test" duration-ms="84206" started-at="2019-06-19T11:55:17Z" finished-at="2019-06-19T11:56:42Z">
      <class name="wanasa.HomePageTest">
        <test-method status="PASS" signature="setup(java.lang.String)[pri:0, instance:wanasa.HomePageTest@6537cf78]" name="setup" is-config="true" duration-ms="20453" started-at="2019-06-19T17:25:17Z" finished-at="2019-06-19T17:25:38Z">
          <params>
            <param index="0">
              <value>
                <![CDATA[IamOptional]]>
              </value>
            </param>
          </params>
          <reporter-output>
          </reporter-output>
        </test-method> <!-- setup -->
        <test-method status="PASS" signature="verifylogin()[pri:0, instance:wanasa.HomePageTest@6537cf78]" name="verifylogin" duration-ms="11692" started-at="2019-06-19T17:25:38Z" finished-at="2019-06-19T17:25:50Z">
          <reporter-output>
          </reporter-output>
        </test-method> <!-- verifylogin -->
        <test-method status="PASS" signature="tearDown(org.testng.ITestResult)[pri:0, instance:wanasa.HomePageTest@6537cf78]" name="tearDown" is-config="true" duration-ms="374" started-at="2019-06-19T17:25:50Z" finished-at="2019-06-19T17:25:50Z">
          <params>
            <param index="0">
              <value>
                <![CDATA[[TestResult name=verifylogin status=SUCCESS method=HomePageTest.verifylogin()[pri:0, instance:wanasa.HomePageTest@6537cf78] output={null}]]]>
              </value>
            </param>
          </params>
          <reporter-output>
          </reporter-output>
        </test-method> <!-- tearDown -->
        <test-method status="PASS" signature="verifybookticketevents()[pri:1, instance:wanasa.HomePageTest@6537cf78]" name="verifybookticketevents" duration-ms="49480" started-at="2019-06-19T17:25:50Z" finished-at="2019-06-19T17:26:39Z">
          <reporter-output>
          </reporter-output>
        </test-method> <!-- verifybookticketevents -->
        <test-method status="PASS" signature="tearDown(org.testng.ITestResult)[pri:0, instance:wanasa.HomePageTest@6537cf78]" name="tearDown" is-config="true" duration-ms="82" started-at="2019-06-19T17:26:39Z" finished-at="2019-06-19T17:26:39Z">
          <params>
            <param index="0">
              <value>
                <![CDATA[[TestResult name=verifybookticketevents status=SUCCESS method=HomePageTest.verifybookticketevents()[pri:1, instance:wanasa.HomePageTest@6537cf78] output={null}]]]>
              </value>
            </param>
          </params>
          <reporter-output>
          </reporter-output>
        </test-method> <!-- tearDown -->
        <test-method status="PASS" signature="closeBrowser1(java.lang.String)[pri:0, instance:wanasa.HomePageTest@6537cf78]" name="closeBrowser1" is-config="true" duration-ms="2112" started-at="2019-06-19T17:26:39Z" finished-at="2019-06-19T17:26:42Z">
          <params>
            <param index="0">
              <value>
                <![CDATA[IamOptional]]>
              </value>
            </param>
          </params>
          <reporter-output>
          </reporter-output>
        </test-method> <!-- closeBrowser1 -->
      </class> <!-- wanasa.HomePageTest -->
    </test> <!-- Default test -->
  </suite> <!-- Default suite -->
</testng-results>
