<?xml version="1.0" encoding="UTF-8"?>
<testng-results skipped="0" failed="0" total="1" passed="1">
  <reporter-output>
  </reporter-output>
  <suite name="Default suite" duration-ms="83090" started-at="2019-07-03T10:34:23Z" finished-at="2019-07-03T10:35:46Z">
    <groups>
    </groups>
    <test name="Default test" duration-ms="83090" started-at="2019-07-03T10:34:23Z" finished-at="2019-07-03T10:35:46Z">
      <class name="wanasa.useroperations">
        <test-method status="PASS" signature="setup(java.lang.String)[pri:0, instance:wanasa.useroperations@6537cf78]" name="setup" is-config="true" duration-ms="21061" started-at="2019-07-03T16:04:23Z" finished-at="2019-07-03T16:04:44Z">
          <params>
            <param index="0">
              <value>
                <![CDATA[IamOptional]]>
              </value>
            </param>
          </params>
          <reporter-output>
          </reporter-output>
        </test-method> <!-- setup -->
        <test-method status="PASS" signature="useroperations()[pri:0, instance:wanasa.useroperations@6537cf78]" name="useroperations" duration-ms="59396" started-at="2019-07-03T16:04:44Z" finished-at="2019-07-03T16:05:44Z">
          <reporter-output>
          </reporter-output>
        </test-method> <!-- useroperations -->
        <test-method status="PASS" signature="tearDown(org.testng.ITestResult)[pri:0, instance:wanasa.useroperations@6537cf78]" name="tearDown" is-config="true" duration-ms="293" started-at="2019-07-03T16:05:44Z" finished-at="2019-07-03T16:05:44Z">
          <params>
            <param index="0">
              <value>
                <![CDATA[[TestResult name=useroperations status=SUCCESS method=useroperations.useroperations()[pri:0, instance:wanasa.useroperations@6537cf78] output={null}]]]>
              </value>
            </param>
          </params>
          <reporter-output>
          </reporter-output>
        </test-method> <!-- tearDown -->
        <test-method status="PASS" signature="closeBrowser1(java.lang.String)[pri:0, instance:wanasa.useroperations@6537cf78]" name="closeBrowser1" is-config="true" duration-ms="2314" started-at="2019-07-03T16:05:44Z" finished-at="2019-07-03T16:05:46Z">
          <params>
            <param index="0">
              <value>
                <![CDATA[IamOptional]]>
              </value>
            </param>
          </params>
          <reporter-output>
          </reporter-output>
        </test-method> <!-- closeBrowser1 -->
      </class> <!-- wanasa.useroperations -->
    </test> <!-- Default test -->
  </suite> <!-- Default suite -->
</testng-results>
