<?xml version="1.0" encoding="UTF-8"?>
<testng-results skipped="0" failed="0" total="1" passed="1">
  <reporter-output>
  </reporter-output>
  <suite name="Default suite" duration-ms="25500" started-at="2019-07-09T06:17:44Z" finished-at="2019-07-09T06:18:10Z">
    <groups>
    </groups>
    <test name="Default test" duration-ms="25500" started-at="2019-07-09T06:17:44Z" finished-at="2019-07-09T06:18:10Z">
      <class name="wanasa.emcsuite">
        <test-method status="PASS" signature="setup(java.lang.String)[pri:0, instance:wanasa.emcsuite@290d210d]" name="setup" is-config="true" duration-ms="24891" started-at="2019-07-09T11:47:44Z" finished-at="2019-07-09T11:48:09Z">
          <params>
            <param index="0">
              <value>
                <![CDATA[IamOptional]]>
              </value>
            </param>
          </params>
          <reporter-output>
          </reporter-output>
        </test-method> <!-- setup -->
        <test-method status="PASS" signature="test()[pri:0, instance:wanasa.emcsuite@290d210d]" name="test" duration-ms="6" started-at="2019-07-09T11:48:09Z" finished-at="2019-07-09T11:48:09Z">
          <reporter-output>
          </reporter-output>
        </test-method> <!-- test -->
        <test-method status="PASS" signature="tearDown(org.testng.ITestResult)[pri:0, instance:wanasa.emcsuite@290d210d]" name="tearDown" is-config="true" duration-ms="484" started-at="2019-07-09T11:48:09Z" finished-at="2019-07-09T11:48:10Z">
          <params>
            <param index="0">
              <value>
                <![CDATA[[TestResult name=test status=SUCCESS method=emcsuite.test()[pri:0, instance:wanasa.emcsuite@290d210d] output={null}]]]>
              </value>
            </param>
          </params>
          <reporter-output>
          </reporter-output>
        </test-method> <!-- tearDown -->
        <test-method status="PASS" signature="closeBrowser1(java.lang.String)[pri:0, instance:wanasa.emcsuite@290d210d]" name="closeBrowser1" is-config="true" duration-ms="102" started-at="2019-07-09T11:48:10Z" finished-at="2019-07-09T11:48:10Z">
          <params>
            <param index="0">
              <value>
                <![CDATA[IamOptional]]>
              </value>
            </param>
          </params>
          <reporter-output>
          </reporter-output>
        </test-method> <!-- closeBrowser1 -->
      </class> <!-- wanasa.emcsuite -->
    </test> <!-- Default test -->
  </suite> <!-- Default suite -->
</testng-results>
