<?xml version="1.0" encoding="UTF-8"?>
<testng-results skipped="0" failed="0" total="1" passed="1">
  <reporter-output>
  </reporter-output>
  <suite name="Default suite" duration-ms="56240" started-at="2019-07-24T07:43:04Z" finished-at="2019-07-24T07:44:00Z">
    <groups>
    </groups>
    <test name="Default test" duration-ms="56240" started-at="2019-07-24T07:43:04Z" finished-at="2019-07-24T07:44:00Z">
      <class name="wanasa.HomePageTest">
        <test-method status="PASS" signature="setup(java.lang.String)[pri:0, instance:wanasa.HomePageTest@6df97b55]" name="setup" is-config="true" duration-ms="17667" started-at="2019-07-24T13:13:04Z" finished-at="2019-07-24T13:13:21Z">
          <params>
            <param index="0">
              <value>
                <![CDATA[IamOptional]]>
              </value>
            </param>
          </params>
          <reporter-output>
          </reporter-output>
        </test-method> <!-- setup -->
        <test-method status="PASS" signature="verifyfacebookiconclick()[pri:14, instance:wanasa.HomePageTest@6df97b55]" name="verifyfacebookiconclick" duration-ms="37499" started-at="2019-07-24T13:13:21Z" finished-at="2019-07-24T13:13:59Z">
          <reporter-output>
          </reporter-output>
        </test-method> <!-- verifyfacebookiconclick -->
        <test-method status="PASS" signature="tearDown(org.testng.ITestResult)[pri:0, instance:wanasa.HomePageTest@6df97b55]" name="tearDown" is-config="true" duration-ms="271" started-at="2019-07-24T13:13:59Z" finished-at="2019-07-24T13:13:59Z">
          <params>
            <param index="0">
              <value>
                <![CDATA[[TestResult name=verifyfacebookiconclick status=SUCCESS method=HomePageTest.verifyfacebookiconclick()[pri:14, instance:wanasa.HomePageTest@6df97b55] output={null}]]]>
              </value>
            </param>
          </params>
          <reporter-output>
          </reporter-output>
        </test-method> <!-- tearDown -->
        <test-method status="PASS" signature="closeBrowser1(java.lang.String)[pri:0, instance:wanasa.HomePageTest@6df97b55]" name="closeBrowser1" is-config="true" duration-ms="794" started-at="2019-07-24T13:13:59Z" finished-at="2019-07-24T13:14:00Z">
          <params>
            <param index="0">
              <value>
                <![CDATA[IamOptional]]>
              </value>
            </param>
          </params>
          <reporter-output>
          </reporter-output>
        </test-method> <!-- closeBrowser1 -->
      </class> <!-- wanasa.HomePageTest -->
    </test> <!-- Default test -->
  </suite> <!-- Default suite -->
</testng-results>
