<?xml version="1.0" encoding="UTF-8"?>
<testng-results skipped="0" failed="0" ignored="0" total="3" passed="3">
  <reporter-output>
  </reporter-output>
  <suite name="Default suite" duration-ms="73560" started-at="2019-07-09T09:19:00Z" finished-at="2019-07-09T09:20:14Z">
    <groups>
    </groups>
    <test name="Default test" duration-ms="73560" started-at="2019-07-09T09:19:00Z" finished-at="2019-07-09T09:20:14Z">
      <class name="wanasa.Emcsuite">
        <test-method status="PASS" signature="setup(java.lang.String)[pri:0, instance:wanasa.Emcsuite@335eadca]" name="setup" is-config="true" duration-ms="19093" started-at="2019-07-09T09:19:00Z" finished-at="2019-07-09T09:19:19Z">
          <params>
            <param index="0">
              <value>
                <![CDATA[IamOptional]]>
              </value>
            </param>
          </params>
          <reporter-output>
          </reporter-output>
        </test-method> <!-- setup -->
        <test-method status="PASS" signature="userSignUp()[pri:0, instance:wanasa.Emcsuite@335eadca]" name="userSignUp" duration-ms="14553" started-at="2019-07-09T09:19:20Z" finished-at="2019-07-09T09:19:34Z">
          <reporter-output>
          </reporter-output>
        </test-method> <!-- userSignUp -->
        <test-method status="PASS" signature="tearDown(org.testng.ITestResult)[pri:0, instance:wanasa.Emcsuite@335eadca]" name="tearDown" is-config="true" duration-ms="241" started-at="2019-07-09T09:19:34Z" finished-at="2019-07-09T09:19:34Z">
          <params>
            <param index="0">
              <value>
                <![CDATA[[TestResult name=userSignUp status=SUCCESS method=Emcsuite.userSignUp()[pri:0, instance:wanasa.Emcsuite@335eadca] output={null}]]]>
              </value>
            </param>
          </params>
          <reporter-output>
          </reporter-output>
        </test-method> <!-- tearDown -->
        <test-method status="PASS" signature="forgotPswd()[pri:1, instance:wanasa.Emcsuite@335eadca]" name="forgotPswd" duration-ms="8530" started-at="2019-07-09T09:19:34Z" finished-at="2019-07-09T09:19:43Z">
          <reporter-output>
          </reporter-output>
        </test-method> <!-- forgotPswd -->
        <test-method status="PASS" signature="tearDown(org.testng.ITestResult)[pri:0, instance:wanasa.Emcsuite@335eadca]" name="tearDown" is-config="true" duration-ms="61" started-at="2019-07-09T09:19:43Z" finished-at="2019-07-09T09:19:43Z">
          <params>
            <param index="0">
              <value>
                <![CDATA[[TestResult name=forgotPswd status=SUCCESS method=Emcsuite.forgotPswd()[pri:1, instance:wanasa.Emcsuite@335eadca] output={null}]]]>
              </value>
            </param>
          </params>
          <reporter-output>
          </reporter-output>
        </test-method> <!-- tearDown -->
        <test-method status="PASS" signature="verifylogin()[pri:2, instance:wanasa.Emcsuite@335eadca]" name="verifylogin" duration-ms="30933" started-at="2019-07-09T09:19:43Z" finished-at="2019-07-09T09:20:14Z">
          <reporter-output>
          </reporter-output>
        </test-method> <!-- verifylogin -->
        <test-method status="PASS" signature="tearDown(org.testng.ITestResult)[pri:0, instance:wanasa.Emcsuite@335eadca]" name="tearDown" is-config="true" duration-ms="41" started-at="2019-07-09T09:20:14Z" finished-at="2019-07-09T09:20:14Z">
          <params>
            <param index="0">
              <value>
                <![CDATA[[TestResult name=verifylogin status=SUCCESS method=Emcsuite.verifylogin()[pri:2, instance:wanasa.Emcsuite@335eadca] output={null}]]]>
              </value>
            </param>
          </params>
          <reporter-output>
          </reporter-output>
        </test-method> <!-- tearDown -->
        <test-method status="PASS" signature="closeBrowser1(java.lang.String)[pri:0, instance:wanasa.Emcsuite@335eadca]" name="closeBrowser1" is-config="true" duration-ms="73" started-at="2019-07-09T09:20:14Z" finished-at="2019-07-09T09:20:14Z">
          <params>
            <param index="0">
              <value>
                <![CDATA[IamOptional]]>
              </value>
            </param>
          </params>
          <reporter-output>
          </reporter-output>
        </test-method> <!-- closeBrowser1 -->
      </class> <!-- wanasa.Emcsuite -->
    </test> <!-- Default test -->
  </suite> <!-- Default suite -->
</testng-results>
