<?xml version="1.0" encoding="UTF-8"?>
<testng-results skipped="0" failed="0" ignored="0" total="1" passed="1">
  <reporter-output>
  </reporter-output>
  <suite name="Default suite" duration-ms="80143" started-at="2019-06-11T12:11:22Z" finished-at="2019-06-11T12:12:42Z">
    <groups>
    </groups>
    <test name="Default test" duration-ms="80143" started-at="2019-06-11T12:11:22Z" finished-at="2019-06-11T12:12:42Z">
      <class name="wanasa.HomePageTest">
        <test-method status="PASS" signature="setup(java.lang.String)[pri:0, instance:wanasa.HomePageTest@617faa95]" name="setup" is-config="true" duration-ms="20336" started-at="2019-06-11T12:11:22Z" finished-at="2019-06-11T12:11:42Z">
          <params>
            <param index="0">
              <value>
                <![CDATA[IamOptional]]>
              </value>
            </param>
          </params>
          <reporter-output>
          </reporter-output>
        </test-method> <!-- setup -->
        <test-method status="PASS" signature="ticketbooking()[pri:0, instance:wanasa.HomePageTest@617faa95]" name="ticketbooking" duration-ms="59430" started-at="2019-06-11T12:11:42Z" finished-at="2019-06-11T12:12:42Z">
          <reporter-output>
          </reporter-output>
        </test-method> <!-- ticketbooking -->
        <test-method status="PASS" signature="tearDown(org.testng.ITestResult)[pri:0, instance:wanasa.HomePageTest@617faa95]" name="tearDown" is-config="true" duration-ms="229" started-at="2019-06-11T12:12:42Z" finished-at="2019-06-11T12:12:42Z">
          <params>
            <param index="0">
              <value>
                <![CDATA[[TestResult name=ticketbooking status=SUCCESS method=HomePageTest.ticketbooking()[pri:0, instance:wanasa.HomePageTest@617faa95] output={null}]]]>
              </value>
            </param>
          </params>
          <reporter-output>
          </reporter-output>
        </test-method> <!-- tearDown -->
        <test-method status="PASS" signature="closeBrowser1(java.lang.String)[pri:0, instance:wanasa.HomePageTest@617faa95]" name="closeBrowser1" is-config="true" duration-ms="133" started-at="2019-06-11T12:12:42Z" finished-at="2019-06-11T12:12:42Z">
          <params>
            <param index="0">
              <value>
                <![CDATA[IamOptional]]>
              </value>
            </param>
          </params>
          <reporter-output>
          </reporter-output>
        </test-method> <!-- closeBrowser1 -->
      </class> <!-- wanasa.HomePageTest -->
    </test> <!-- Default test -->
  </suite> <!-- Default suite -->
</testng-results>
