<?xml version="1.0" encoding="UTF-8"?>
<testng-results skipped="0" failed="0" ignored="0" total="1" passed="1">
  <reporter-output>
  </reporter-output>
  <suite name="Default suite" duration-ms="30100" started-at="2019-07-24T08:46:42Z" finished-at="2019-07-24T08:47:12Z">
    <groups>
    </groups>
    <test name="Default test" duration-ms="30100" started-at="2019-07-24T08:46:42Z" finished-at="2019-07-24T08:47:12Z">
      <class name="wanasa.HomePageTest">
        <test-method status="PASS" signature="setup(java.lang.String)[pri:0, instance:wanasa.HomePageTest@335eadca]" name="setup" is-config="true" duration-ms="16308" started-at="2019-07-24T08:46:42Z" finished-at="2019-07-24T08:46:59Z">
          <params>
            <param index="0">
              <value>
                <![CDATA[IamOptional]]>
              </value>
            </param>
          </params>
          <reporter-output>
          </reporter-output>
        </test-method> <!-- setup -->
        <test-method status="PASS" signature="withOutSelectingSeat()[pri:0, instance:wanasa.HomePageTest@335eadca]" name="withOutSelectingSeat" duration-ms="13285" started-at="2019-07-24T08:46:59Z" finished-at="2019-07-24T08:47:12Z">
          <reporter-output>
          </reporter-output>
        </test-method> <!-- withOutSelectingSeat -->
        <test-method status="PASS" signature="tearDown(org.testng.ITestResult)[pri:0, instance:wanasa.HomePageTest@335eadca]" name="tearDown" is-config="true" duration-ms="371" started-at="2019-07-24T08:47:12Z" finished-at="2019-07-24T08:47:12Z">
          <params>
            <param index="0">
              <value>
                <![CDATA[[TestResult name=withOutSelectingSeat status=SUCCESS method=HomePageTest.withOutSelectingSeat()[pri:0, instance:wanasa.HomePageTest@335eadca] output={null}]]]>
              </value>
            </param>
          </params>
          <reporter-output>
          </reporter-output>
        </test-method> <!-- tearDown -->
        <test-method status="PASS" signature="closeBrowser1(java.lang.String)[pri:0, instance:wanasa.HomePageTest@335eadca]" name="closeBrowser1" is-config="true" duration-ms="83" started-at="2019-07-24T08:47:12Z" finished-at="2019-07-24T08:47:12Z">
          <params>
            <param index="0">
              <value>
                <![CDATA[IamOptional]]>
              </value>
            </param>
          </params>
          <reporter-output>
          </reporter-output>
        </test-method> <!-- closeBrowser1 -->
      </class> <!-- wanasa.HomePageTest -->
    </test> <!-- Default test -->
  </suite> <!-- Default suite -->
</testng-results>
