<?xml version="1.0" encoding="UTF-8"?>
<testng-results skipped="0" failed="1" total="8" passed="7">
  <reporter-output>
  </reporter-output>
  <suite name="Default suite" duration-ms="281994" started-at="2019-08-19T10:54:02Z" finished-at="2019-08-19T10:58:43Z">
    <groups>
    </groups>
    <test name="Default test" duration-ms="281994" started-at="2019-08-19T10:54:02Z" finished-at="2019-08-19T10:58:43Z">
      <class name="wanasa.HomePageTest">
        <test-method status="PASS" signature="setup(java.lang.String)[pri:0, instance:wanasa.HomePageTest@67b6d4ae]" name="setup" is-config="true" duration-ms="17962" started-at="2019-08-19T16:24:02Z" finished-at="2019-08-19T16:24:19Z">
          <params>
            <param index="0">
              <value>
                <![CDATA[IamOptional]]>
              </value>
            </param>
          </params>
          <reporter-output>
          </reporter-output>
        </test-method> <!-- setup -->
        <test-method status="PASS" signature="backBtnSingleDayEvent()[pri:25, instance:wanasa.HomePageTest@67b6d4ae]" name="backBtnSingleDayEvent" duration-ms="26008" started-at="2019-08-19T16:24:20Z" finished-at="2019-08-19T16:24:46Z">
          <reporter-output>
          </reporter-output>
        </test-method> <!-- backBtnSingleDayEvent -->
        <test-method status="PASS" signature="tearDown(org.testng.ITestResult)[pri:0, instance:wanasa.HomePageTest@67b6d4ae]" name="tearDown" is-config="true" duration-ms="885" started-at="2019-08-19T16:24:46Z" finished-at="2019-08-19T16:24:46Z">
          <params>
            <param index="0">
              <value>
                <![CDATA[[TestResult name=backBtnSingleDayEvent status=SUCCESS method=HomePageTest.backBtnSingleDayEvent()[pri:25, instance:wanasa.HomePageTest@67b6d4ae] output={null}]]]>
              </value>
            </param>
          </params>
          <reporter-output>
          </reporter-output>
        </test-method> <!-- tearDown -->
        <test-method status="PASS" signature="cancelBtnSingleDayEvent()[pri:26, instance:wanasa.HomePageTest@67b6d4ae]" name="cancelBtnSingleDayEvent" duration-ms="19355" started-at="2019-08-19T16:24:46Z" finished-at="2019-08-19T16:25:06Z">
          <reporter-output>
          </reporter-output>
        </test-method> <!-- cancelBtnSingleDayEvent -->
        <test-method status="PASS" signature="tearDown(org.testng.ITestResult)[pri:0, instance:wanasa.HomePageTest@67b6d4ae]" name="tearDown" is-config="true" duration-ms="50" started-at="2019-08-19T16:25:06Z" finished-at="2019-08-19T16:25:06Z">
          <params>
            <param index="0">
              <value>
                <![CDATA[[TestResult name=cancelBtnSingleDayEvent status=SUCCESS method=HomePageTest.cancelBtnSingleDayEvent()[pri:26, instance:wanasa.HomePageTest@67b6d4ae] output={null}]]]>
              </value>
            </param>
          </params>
          <reporter-output>
          </reporter-output>
        </test-method> <!-- tearDown -->
        <test-method status="PASS" signature="cancelBtnCreditCard()[pri:27, instance:wanasa.HomePageTest@67b6d4ae]" name="cancelBtnCreditCard" duration-ms="45572" started-at="2019-08-19T16:25:06Z" finished-at="2019-08-19T16:25:51Z">
          <reporter-output>
          </reporter-output>
        </test-method> <!-- cancelBtnCreditCard -->
        <test-method status="PASS" signature="tearDown(org.testng.ITestResult)[pri:0, instance:wanasa.HomePageTest@67b6d4ae]" name="tearDown" is-config="true" duration-ms="47" started-at="2019-08-19T16:25:51Z" finished-at="2019-08-19T16:25:51Z">
          <params>
            <param index="0">
              <value>
                <![CDATA[[TestResult name=cancelBtnCreditCard status=SUCCESS method=HomePageTest.cancelBtnCreditCard()[pri:27, instance:wanasa.HomePageTest@67b6d4ae] output={null}]]]>
              </value>
            </param>
          </params>
          <reporter-output>
          </reporter-output>
        </test-method> <!-- tearDown -->
        <test-method status="PASS" signature="backBtnInSeatLayoutNaal()[pri:28, instance:wanasa.HomePageTest@67b6d4ae]" name="backBtnInSeatLayoutNaal" duration-ms="23693" started-at="2019-08-19T16:25:51Z" finished-at="2019-08-19T16:26:15Z">
          <reporter-output>
          </reporter-output>
        </test-method> <!-- backBtnInSeatLayoutNaal -->
        <test-method status="PASS" signature="tearDown(org.testng.ITestResult)[pri:0, instance:wanasa.HomePageTest@67b6d4ae]" name="tearDown" is-config="true" duration-ms="46" started-at="2019-08-19T16:26:15Z" finished-at="2019-08-19T16:26:15Z">
          <params>
            <param index="0">
              <value>
                <![CDATA[[TestResult name=backBtnInSeatLayoutNaal status=SUCCESS method=HomePageTest.backBtnInSeatLayoutNaal()[pri:28, instance:wanasa.HomePageTest@67b6d4ae] output={null}]]]>
              </value>
            </param>
          </params>
          <reporter-output>
          </reporter-output>
        </test-method> <!-- tearDown -->
        <test-method status="FAIL" signature="withOutSelectingSeatInSeatLayoutForNaal()[pri:29, instance:wanasa.HomePageTest@67b6d4ae]" name="withOutSelectingSeatInSeatLayoutForNaal" duration-ms="43704" started-at="2019-08-19T16:26:15Z" finished-at="2019-08-19T16:26:59Z">
          <exception class="org.openqa.selenium.NoSuchElementException">
            <message>
              <![CDATA[no such element: Unable to locate element: {"method":"xpath","selector":"//*[contains(@class,'toast-message') and contains(text(),'Please select your tickets')]"}
  (Session info: chrome=76.0.3809.100)
  (Driver info: chromedriver=2.43.600210 (68dcf5eebde37173d4027fa8635e332711d2874a),platform=Windows NT 10.0.17763 x86_64) (WARNING: The server did not provide any stacktrace information)
Command duration or timeout: 0 milliseconds
For documentation on this error, please visit: http://seleniumhq.org/exceptions/no_such_element.html
Build info: version: '3.10.0', revision: '176b4a9', time: '2018-03-02T19:03:16.397Z'
System info: host: 'ADMIN', ip: '192.168.75.55', os.name: 'Windows 10', os.arch: 'amd64', os.version: '10.0', java.version: '1.8.0_181'
Driver info: org.openqa.selenium.chrome.ChromeDriver
Capabilities {acceptInsecureCerts: false, acceptSslCerts: false, applicationCacheEnabled: false, browserConnectionEnabled: false, browserName: chrome, chrome: {chromedriverVersion: 2.43.600210 (68dcf5eebde371..., userDataDir: C:\Users\SMSC_T~1\AppData\L...}, cssSelectorsEnabled: true, databaseEnabled: false, goog:chromeOptions: {debuggerAddress: localhost:50262}, handlesAlerts: true, hasTouchScreen: false, javascriptEnabled: true, locationContextEnabled: true, mobileEmulationEnabled: false, nativeEvents: true, networkConnectionEnabled: false, pageLoadStrategy: normal, platform: XP, platformName: XP, rotatable: false, setWindowRect: true, takesHeapSnapshot: true, takesScreenshot: true, unexpectedAlertBehaviour: , unhandledPromptBehavior: , version: 76.0.3809.100, webStorageEnabled: true}
Session ID: c66cc0338ae479a5cf9615187a46bd0c
*** Element info: {Using=xpath, value=//*[contains(@class,'toast-message') and contains(text(),'Please select your tickets')]}]]>
            </message>
            <full-stacktrace>
              <![CDATA[org.openqa.selenium.NoSuchElementException: no such element: Unable to locate element: {"method":"xpath","selector":"//*[contains(@class,'toast-message') and contains(text(),'Please select your tickets')]"}
  (Session info: chrome=76.0.3809.100)
  (Driver info: chromedriver=2.43.600210 (68dcf5eebde37173d4027fa8635e332711d2874a),platform=Windows NT 10.0.17763 x86_64) (WARNING: The server did not provide any stacktrace information)
Command duration or timeout: 0 milliseconds
For documentation on this error, please visit: http://seleniumhq.org/exceptions/no_such_element.html
Build info: version: '3.10.0', revision: '176b4a9', time: '2018-03-02T19:03:16.397Z'
System info: host: 'ADMIN', ip: '192.168.75.55', os.name: 'Windows 10', os.arch: 'amd64', os.version: '10.0', java.version: '1.8.0_181'
Driver info: org.openqa.selenium.chrome.ChromeDriver
Capabilities {acceptInsecureCerts: false, acceptSslCerts: false, applicationCacheEnabled: false, browserConnectionEnabled: false, browserName: chrome, chrome: {chromedriverVersion: 2.43.600210 (68dcf5eebde371..., userDataDir: C:\Users\SMSC_T~1\AppData\L...}, cssSelectorsEnabled: true, databaseEnabled: false, goog:chromeOptions: {debuggerAddress: localhost:50262}, handlesAlerts: true, hasTouchScreen: false, javascriptEnabled: true, locationContextEnabled: true, mobileEmulationEnabled: false, nativeEvents: true, networkConnectionEnabled: false, pageLoadStrategy: normal, platform: XP, platformName: XP, rotatable: false, setWindowRect: true, takesHeapSnapshot: true, takesScreenshot: true, unexpectedAlertBehaviour: , unhandledPromptBehavior: , version: 76.0.3809.100, webStorageEnabled: true}
Session ID: c66cc0338ae479a5cf9615187a46bd0c
*** Element info: {Using=xpath, value=//*[contains(@class,'toast-message') and contains(text(),'Please select your tickets')]}
	at sun.reflect.NativeConstructorAccessorImpl.newInstance0(Native Method)
	at sun.reflect.NativeConstructorAccessorImpl.newInstance(Unknown Source)
	at sun.reflect.DelegatingConstructorAccessorImpl.newInstance(Unknown Source)
	at java.lang.reflect.Constructor.newInstance(Unknown Source)
	at org.openqa.selenium.remote.ErrorHandler.createThrowable(ErrorHandler.java:214)
	at org.openqa.selenium.remote.ErrorHandler.throwIfResponseFailed(ErrorHandler.java:166)
	at org.openqa.selenium.remote.http.JsonHttpResponseCodec.reconstructValue(JsonHttpResponseCodec.java:40)
	at org.openqa.selenium.remote.http.AbstractHttpResponseCodec.decode(AbstractHttpResponseCodec.java:80)
	at org.openqa.selenium.remote.http.AbstractHttpResponseCodec.decode(AbstractHttpResponseCodec.java:44)
	at org.openqa.selenium.remote.HttpCommandExecutor.execute(HttpCommandExecutor.java:160)
	at org.openqa.selenium.remote.service.DriverCommandExecutor.execute(DriverCommandExecutor.java:83)
	at org.openqa.selenium.remote.RemoteWebDriver.execute(RemoteWebDriver.java:601)
	at org.openqa.selenium.remote.RemoteWebDriver.findElement(RemoteWebDriver.java:371)
	at org.openqa.selenium.remote.RemoteWebDriver.findElementByXPath(RemoteWebDriver.java:473)
	at org.openqa.selenium.By$ByXPath.findElement(By.java:361)
	at org.openqa.selenium.remote.RemoteWebDriver.findElement(RemoteWebDriver.java:363)
	at wanasa.HomePage.proceedInSeatLayoutWithOutSelectingSeat(HomePage.java:1377)
	at wanasa.HomePageTest.withOutSelectingSeatInSeatLayoutForNaal(HomePageTest.java:501)
	at sun.reflect.NativeMethodAccessorImpl.invoke0(Native Method)
	at sun.reflect.NativeMethodAccessorImpl.invoke(Unknown Source)
	at sun.reflect.DelegatingMethodAccessorImpl.invoke(Unknown Source)
	at java.lang.reflect.Method.invoke(Unknown Source)
	at org.testng.internal.MethodInvocationHelper.invokeMethod(MethodInvocationHelper.java:86)
	at org.testng.internal.Invoker.invokeMethod(Invoker.java:645)
	at org.testng.internal.Invoker.invokeTestMethod(Invoker.java:822)
	at org.testng.internal.Invoker.invokeTestMethods(Invoker.java:1130)
	at org.testng.internal.TestMethodWorker.invokeTestMethods(TestMethodWorker.java:129)
	at org.testng.internal.TestMethodWorker.run(TestMethodWorker.java:112)
	at org.testng.TestRunner.privateRun(TestRunner.java:782)
	at org.testng.TestRunner.run(TestRunner.java:632)
	at org.testng.SuiteRunner.runTest(SuiteRunner.java:366)
	at org.testng.SuiteRunner.runSequentially(SuiteRunner.java:361)
	at org.testng.SuiteRunner.privateRun(SuiteRunner.java:319)
	at org.testng.SuiteRunner.run(SuiteRunner.java:268)
	at org.testng.SuiteRunnerWorker.runSuite(SuiteRunnerWorker.java:52)
	at org.testng.SuiteRunnerWorker.run(SuiteRunnerWorker.java:86)
	at org.testng.TestNG.runSuitesSequentially(TestNG.java:1244)
	at org.testng.TestNG.runSuitesLocally(TestNG.java:1169)
	at org.testng.TestNG.run(TestNG.java:1064)
	at org.testng.remote.RemoteTestNG.run(RemoteTestNG.java:113)
	at org.testng.remote.RemoteTestNG.initAndRun(RemoteTestNG.java:206)
	at org.testng.remote.RemoteTestNG.main(RemoteTestNG.java:177)
]]>
            </full-stacktrace>
          </exception> <!-- org.openqa.selenium.NoSuchElementException -->
          <reporter-output>
          </reporter-output>
        </test-method> <!-- withOutSelectingSeatInSeatLayoutForNaal -->
        <test-method status="PASS" signature="tearDown(org.testng.ITestResult)[pri:0, instance:wanasa.HomePageTest@67b6d4ae]" name="tearDown" is-config="true" duration-ms="863" started-at="2019-08-19T16:26:59Z" finished-at="2019-08-19T16:27:00Z">
          <params>
            <param index="0">
              <value>
                <![CDATA[[TestResult name=withOutSelectingSeatInSeatLayoutForNaal status=FAILURE method=HomePageTest.withOutSelectingSeatInSeatLayoutForNaal()[pri:29, instance:wanasa.HomePageTest@67b6d4ae] output={null}]]]>
              </value>
            </param>
          </params>
          <reporter-output>
          </reporter-output>
        </test-method> <!-- tearDown -->
        <test-method status="PASS" signature="cancelBtnInCBQPayment()[pri:30, instance:wanasa.HomePageTest@67b6d4ae]" name="cancelBtnInCBQPayment" duration-ms="38695" started-at="2019-08-19T16:27:00Z" finished-at="2019-08-19T16:27:38Z">
          <reporter-output>
          </reporter-output>
        </test-method> <!-- cancelBtnInCBQPayment -->
        <test-method status="PASS" signature="tearDown(org.testng.ITestResult)[pri:0, instance:wanasa.HomePageTest@67b6d4ae]" name="tearDown" is-config="true" duration-ms="36" started-at="2019-08-19T16:27:38Z" finished-at="2019-08-19T16:27:39Z">
          <params>
            <param index="0">
              <value>
                <![CDATA[[TestResult name=cancelBtnInCBQPayment status=SUCCESS method=HomePageTest.cancelBtnInCBQPayment()[pri:30, instance:wanasa.HomePageTest@67b6d4ae] output={null}]]]>
              </value>
            </param>
          </params>
          <reporter-output>
          </reporter-output>
        </test-method> <!-- tearDown -->
        <test-method status="PASS" signature="withOutSelectingSeat()[pri:31, instance:wanasa.HomePageTest@67b6d4ae]" name="withOutSelectingSeat" duration-ms="40278" started-at="2019-08-19T16:27:39Z" finished-at="2019-08-19T16:28:19Z">
          <reporter-output>
          </reporter-output>
        </test-method> <!-- withOutSelectingSeat -->
        <test-method status="PASS" signature="tearDown(org.testng.ITestResult)[pri:0, instance:wanasa.HomePageTest@67b6d4ae]" name="tearDown" is-config="true" duration-ms="73" started-at="2019-08-19T16:28:19Z" finished-at="2019-08-19T16:28:19Z">
          <params>
            <param index="0">
              <value>
                <![CDATA[[TestResult name=withOutSelectingSeat status=SUCCESS method=HomePageTest.withOutSelectingSeat()[pri:31, instance:wanasa.HomePageTest@67b6d4ae] output={null}]]]>
              </value>
            </param>
          </params>
          <reporter-output>
          </reporter-output>
        </test-method> <!-- tearDown -->
        <test-method status="PASS" signature="verifyfacebookiconclick()[pri:32, instance:wanasa.HomePageTest@67b6d4ae]" name="verifyfacebookiconclick" duration-ms="23517" started-at="2019-08-19T16:28:19Z" finished-at="2019-08-19T16:28:42Z">
          <reporter-output>
          </reporter-output>
        </test-method> <!-- verifyfacebookiconclick -->
        <test-method status="PASS" signature="tearDown(org.testng.ITestResult)[pri:0, instance:wanasa.HomePageTest@67b6d4ae]" name="tearDown" is-config="true" duration-ms="69" started-at="2019-08-19T16:28:42Z" finished-at="2019-08-19T16:28:42Z">
          <params>
            <param index="0">
              <value>
                <![CDATA[[TestResult name=verifyfacebookiconclick status=SUCCESS method=HomePageTest.verifyfacebookiconclick()[pri:32, instance:wanasa.HomePageTest@67b6d4ae] output={null}]]]>
              </value>
            </param>
          </params>
          <reporter-output>
          </reporter-output>
        </test-method> <!-- tearDown -->
        <test-method status="PASS" signature="closeBrowser1(java.lang.String)[pri:0, instance:wanasa.HomePageTest@67b6d4ae]" name="closeBrowser1" is-config="true" duration-ms="1042" started-at="2019-08-19T16:28:42Z" finished-at="2019-08-19T16:28:43Z">
          <params>
            <param index="0">
              <value>
                <![CDATA[IamOptional]]>
              </value>
            </param>
          </params>
          <reporter-output>
          </reporter-output>
        </test-method> <!-- closeBrowser1 -->
      </class> <!-- wanasa.HomePageTest -->
    </test> <!-- Default test -->
  </suite> <!-- Default suite -->
</testng-results>
