<?xml version="1.0" encoding="UTF-8"?>
<testng-results skipped="0" failed="0" total="4" passed="4">
  <reporter-output>
  </reporter-output>
  <suite name="Default suite" duration-ms="163140" started-at="2019-06-20T11:36:49Z" finished-at="2019-06-20T11:39:32Z">
    <groups>
    </groups>
    <test name="Default test" duration-ms="163140" started-at="2019-06-20T11:36:49Z" finished-at="2019-06-20T11:39:32Z">
      <class name="wanasa.HomePageTest">
        <test-method status="PASS" signature="setup(java.lang.String)[pri:0, instance:wanasa.HomePageTest@6537cf78]" name="setup" is-config="true" duration-ms="20392" started-at="2019-06-20T17:06:49Z" finished-at="2019-06-20T17:07:10Z">
          <params>
            <param index="0">
              <value>
                <![CDATA[IamOptional]]>
              </value>
            </param>
          </params>
          <reporter-output>
          </reporter-output>
        </test-method> <!-- setup -->
        <test-method status="PASS" signature="verifylogin()[pri:0, instance:wanasa.HomePageTest@6537cf78]" name="verifylogin" duration-ms="35696" started-at="2019-06-20T17:07:10Z" finished-at="2019-06-20T17:07:45Z">
          <reporter-output>
          </reporter-output>
        </test-method> <!-- verifylogin -->
        <test-method status="PASS" signature="tearDown(org.testng.ITestResult)[pri:0, instance:wanasa.HomePageTest@6537cf78]" name="tearDown" is-config="true" duration-ms="528" started-at="2019-06-20T17:07:45Z" finished-at="2019-06-20T17:07:46Z">
          <params>
            <param index="0">
              <value>
                <![CDATA[[TestResult name=verifylogin status=SUCCESS method=HomePageTest.verifylogin()[pri:0, instance:wanasa.HomePageTest@6537cf78] output={null}]]]>
              </value>
            </param>
          </params>
          <reporter-output>
          </reporter-output>
        </test-method> <!-- tearDown -->
        <test-method status="PASS" signature="verifybookticketevents()[pri:1, instance:wanasa.HomePageTest@6537cf78]" name="verifybookticketevents" duration-ms="45418" started-at="2019-06-20T17:07:46Z" finished-at="2019-06-20T17:08:31Z">
          <reporter-output>
          </reporter-output>
        </test-method> <!-- verifybookticketevents -->
        <test-method status="PASS" signature="tearDown(org.testng.ITestResult)[pri:0, instance:wanasa.HomePageTest@6537cf78]" name="tearDown" is-config="true" duration-ms="62" started-at="2019-06-20T17:08:31Z" finished-at="2019-06-20T17:08:31Z">
          <params>
            <param index="0">
              <value>
                <![CDATA[[TestResult name=verifybookticketevents status=SUCCESS method=HomePageTest.verifybookticketevents()[pri:1, instance:wanasa.HomePageTest@6537cf78] output={null}]]]>
              </value>
            </param>
          </params>
          <reporter-output>
          </reporter-output>
        </test-method> <!-- tearDown -->
        <test-method status="PASS" signature="verifybookticketseventsevoucher()[pri:2, instance:wanasa.HomePageTest@6537cf78]" name="verifybookticketseventsevoucher" duration-ms="50450" started-at="2019-06-20T17:08:31Z" finished-at="2019-06-20T17:09:22Z">
          <reporter-output>
          </reporter-output>
        </test-method> <!-- verifybookticketseventsevoucher -->
        <test-method status="PASS" signature="tearDown(org.testng.ITestResult)[pri:0, instance:wanasa.HomePageTest@6537cf78]" name="tearDown" is-config="true" duration-ms="86" started-at="2019-06-20T17:09:22Z" finished-at="2019-06-20T17:09:22Z">
          <params>
            <param index="0">
              <value>
                <![CDATA[[TestResult name=verifybookticketseventsevoucher status=SUCCESS method=HomePageTest.verifybookticketseventsevoucher()[pri:2, instance:wanasa.HomePageTest@6537cf78] output={null}]]]>
              </value>
            </param>
          </params>
          <reporter-output>
          </reporter-output>
        </test-method> <!-- tearDown -->
        <test-method status="PASS" signature="verifyforgotpassword()[pri:3, instance:wanasa.HomePageTest@6537cf78]" name="verifyforgotpassword" duration-ms="8235" started-at="2019-06-20T17:09:22Z" finished-at="2019-06-20T17:09:30Z">
          <reporter-output>
          </reporter-output>
        </test-method> <!-- verifyforgotpassword -->
        <test-method status="PASS" signature="tearDown(org.testng.ITestResult)[pri:0, instance:wanasa.HomePageTest@6537cf78]" name="tearDown" is-config="true" duration-ms="135" started-at="2019-06-20T17:09:30Z" finished-at="2019-06-20T17:09:30Z">
          <params>
            <param index="0">
              <value>
                <![CDATA[[TestResult name=verifyforgotpassword status=SUCCESS method=HomePageTest.verifyforgotpassword()[pri:3, instance:wanasa.HomePageTest@6537cf78] output={null}]]]>
              </value>
            </param>
          </params>
          <reporter-output>
          </reporter-output>
        </test-method> <!-- tearDown -->
        <test-method status="PASS" signature="closeBrowser1(java.lang.String)[pri:0, instance:wanasa.HomePageTest@6537cf78]" name="closeBrowser1" is-config="true" duration-ms="2106" started-at="2019-06-20T17:09:30Z" finished-at="2019-06-20T17:09:32Z">
          <params>
            <param index="0">
              <value>
                <![CDATA[IamOptional]]>
              </value>
            </param>
          </params>
          <reporter-output>
          </reporter-output>
        </test-method> <!-- closeBrowser1 -->
      </class> <!-- wanasa.HomePageTest -->
    </test> <!-- Default test -->
  </suite> <!-- Default suite -->
</testng-results>
