<?xml version="1.0" encoding="UTF-8"?>
<testng-results skipped="0" failed="0" total="3" passed="3">
  <reporter-output>
  </reporter-output>
  <suite name="Default suite" duration-ms="170598" started-at="2019-06-18T09:59:29Z" finished-at="2019-06-18T10:02:19Z">
    <groups>
    </groups>
    <test name="Default test" duration-ms="170598" started-at="2019-06-18T09:59:29Z" finished-at="2019-06-18T10:02:19Z">
      <class name="wanasa.HomePageTest">
        <test-method status="PASS" signature="setup(java.lang.String)[pri:0, instance:wanasa.HomePageTest@3f2a3a5]" name="setup" is-config="true" duration-ms="29340" started-at="2019-06-18T15:29:29Z" finished-at="2019-06-18T15:29:58Z">
          <params>
            <param index="0">
              <value>
                <![CDATA[IamOptional]]>
              </value>
            </param>
          </params>
          <reporter-output>
          </reporter-output>
        </test-method> <!-- setup -->
        <test-method status="PASS" signature="bookticketevents()[pri:0, instance:wanasa.HomePageTest@3f2a3a5]" name="bookticketevents" duration-ms="59315" started-at="2019-06-18T15:29:58Z" finished-at="2019-06-18T15:30:58Z">
          <reporter-output>
          </reporter-output>
        </test-method> <!-- bookticketevents -->
        <test-method status="PASS" signature="tearDown(org.testng.ITestResult)[pri:0, instance:wanasa.HomePageTest@3f2a3a5]" name="tearDown" is-config="true" duration-ms="1134" started-at="2019-06-18T15:30:58Z" finished-at="2019-06-18T15:30:59Z">
          <params>
            <param index="0">
              <value>
                <![CDATA[[TestResult name=bookticketevents status=SUCCESS method=HomePageTest.bookticketevents()[pri:0, instance:wanasa.HomePageTest@3f2a3a5] output={null}]]]>
              </value>
            </param>
          </params>
          <reporter-output>
          </reporter-output>
        </test-method> <!-- tearDown -->
        <test-method status="PASS" signature="login()[pri:0, instance:wanasa.HomePageTest@3f2a3a5]" name="login" duration-ms="22986" started-at="2019-06-18T15:30:59Z" finished-at="2019-06-18T15:31:22Z">
          <reporter-output>
          </reporter-output>
        </test-method> <!-- login -->
        <test-method status="PASS" signature="tearDown(org.testng.ITestResult)[pri:0, instance:wanasa.HomePageTest@3f2a3a5]" name="tearDown" is-config="true" duration-ms="95" started-at="2019-06-18T15:31:22Z" finished-at="2019-06-18T15:31:22Z">
          <params>
            <param index="0">
              <value>
                <![CDATA[[TestResult name=login status=SUCCESS method=HomePageTest.login()[pri:0, instance:wanasa.HomePageTest@3f2a3a5] output={null}]]]>
              </value>
            </param>
          </params>
          <reporter-output>
          </reporter-output>
        </test-method> <!-- tearDown -->
        <test-method status="PASS" signature="useroperations()[pri:0, instance:wanasa.HomePageTest@3f2a3a5]" name="useroperations" duration-ms="57448" started-at="2019-06-18T15:31:22Z" finished-at="2019-06-18T15:32:19Z">
          <reporter-output>
          </reporter-output>
        </test-method> <!-- useroperations -->
        <test-method status="PASS" signature="tearDown(org.testng.ITestResult)[pri:0, instance:wanasa.HomePageTest@3f2a3a5]" name="tearDown" is-config="true" duration-ms="92" started-at="2019-06-18T15:32:19Z" finished-at="2019-06-18T15:32:19Z">
          <params>
            <param index="0">
              <value>
                <![CDATA[[TestResult name=useroperations status=SUCCESS method=HomePageTest.useroperations()[pri:0, instance:wanasa.HomePageTest@3f2a3a5] output={null}]]]>
              </value>
            </param>
          </params>
          <reporter-output>
          </reporter-output>
        </test-method> <!-- tearDown -->
        <test-method status="PASS" signature="closeBrowser1(java.lang.String)[pri:0, instance:wanasa.HomePageTest@3f2a3a5]" name="closeBrowser1" is-config="true" duration-ms="159" started-at="2019-06-18T15:32:19Z" finished-at="2019-06-18T15:32:19Z">
          <params>
            <param index="0">
              <value>
                <![CDATA[IamOptional]]>
              </value>
            </param>
          </params>
          <reporter-output>
          </reporter-output>
        </test-method> <!-- closeBrowser1 -->
      </class> <!-- wanasa.HomePageTest -->
    </test> <!-- Default test -->
  </suite> <!-- Default suite -->
</testng-results>
